<?xml version="1.0" encoding="UTF-8"?>
<!-- Generated by org.testng.reporters.JUnitReportReporter -->
<testsuite hostname="CFINDL0719-KM" failures="0" tests="1" name="payment" time="860.302" errors="0" timestamp="20 Jan 2023 05:57:20 GMT" skipped="0">
  <testcase classname="payment" name="readdata" time="860.302"/>
</testsuite> <!-- payment -->
