<?xml version="1.0" encoding="UTF-8"?>
<!-- Generated by org.testng.reporters.JUnitReportReporter -->
<testsuite hostname="CFINDL0719-KM" failures="0" tests="1" name="Return_Order" time="319.702" errors="0" timestamp="28 Dec 2022 10:57:14 GMT" skipped="0">
  <testcase classname="Return_Order" name="readdata" time="319.702"/>
</testsuite> <!-- Return_Order -->
